17:55 No skill name found for DamageTotalDamageReductionAbsolute in data\database\records\xpack2\skills\item skills\spec_damageabsorb.dbr
17:55 No skill name found for Life in data\database\records\xpack2\skills\item skills\spec_refill_health.dbr
17:55 No skill name found for DamageTotalDamageReductionAbsolute in data\database\records\xpack2\skills\item skills\temp_shieldphysical.dbr
17:55 No skill name found for Mana in data\database\records\xpack2\skills\item skills\spec_refill_mana.dbr
17:55 No skill name found for CharacterTotalSpeedModifier in data\database\records\xpack2\skills\item skills\aura_totalspeed_buff.dbr
17:55 No tag found in records_xpack2_skills_item_skills_pets_fireresist.dbr
17:55 No tag found in records_xpack2_skills_item_skills_pet_petbonus_magicres.dbr
17:55 No skill name found for Wash Out in data\database\records\xpack2\skills\item skills\burst_washout.dbr
17:55 No tag found in records_xpack2_skills_item_skills_pets_magicresists.dbr
17:55 No skill name found for Storm Orb in data\database\records\xpack2\skills\item skills\burst_stormorb.dbr
17:57 lootName5 not found in data\database\records\xpack2\item\loottables\weapons\mastertables\static_roh_08.dbr
17:57 lootName5 not found in data\database\records\xpack2\item\loottables\weapons\mastertables\static_roh_13.dbr
17:57 lootName5 not found in data\database\records\xpack2\item\loottables\weapons\mastertables\static_roh_03.dbr
17:57 lootName5 not found in data\database\records\xpack2\item\loottables\weapons\mastertables\static_roh_06.dbr
17:57 lootName5 not found in data\database\records\xpack2\item\loottables\weapons\mastertables\static_roh_11.dbr
17:57 lootName5 not found in data\database\records\xpack2\item\loottables\weapons\mastertables\static_roh_07.dbr
17:57 lootName5 not found in data\database\records\xpack2\item\loottables\weapons\mastertables\static_roh_12.dbr
17:57 lootName5 not found in data\database\records\xpack2\item\loottables\weapons\mastertables\static_roh_04.dbr
17:57 lootName5 not found in data\database\records\xpack2\item\loottables\weapons\mastertables\static_roh_09.dbr
17:57 lootName5 not found in data\database\records\xpack2\item\loottables\weapons\mastertables\static_roh_14.dbr
17:57 Empty lootHeadItem1 in data\database\records\xpack2\creatures\monster\bosses\aesir_tyr_45.dbr
17:57 Empty lootHeadItem1 in data\database\records\xpack2\creatures\monster\bosses\aesir_tyr_45.dbr
17:57 Empty lootHeadItem1 in data\database\records\xpack2\creatures\monster\bosses\aesir_tyr_45.dbr
17:57 Empty lootHeadItem1 in data\database\records\xpack2\creatures\monster\bosses\aesir_tyr_48.dbr
17:57 Empty lootHeadItem1 in data\database\records\xpack2\creatures\monster\bosses\aesir_tyr_48.dbr
17:57 Empty lootHeadItem1 in data\database\records\xpack2\creatures\monster\bosses\aesir_tyr_48.dbr
17:57 Empty lootHeadItem1 in data\database\records\xpack2\creatures\monster\bosses\aesir_tyr_51.dbr
17:57 Empty lootHeadItem1 in data\database\records\xpack2\creatures\monster\bosses\aesir_tyr_51.dbr
17:57 Empty lootHeadItem1 in data\database\records\xpack2\creatures\monster\bosses\aesir_tyr_51.dbr
17:57 Empty lootLeftHandItem2 in data\database\records\xpack2\creatures\monster\bosses\ancient_earth_45.dbr
17:57 Empty lootLeftHandItem4 in data\database\records\xpack2\creatures\monster\bosses\ancient_earth_45.dbr
17:57 Empty lootLeftHandItem2 in data\database\records\xpack2\creatures\monster\bosses\ancient_earth_45.dbr
17:57 Empty lootLeftHandItem4 in data\database\records\xpack2\creatures\monster\bosses\ancient_earth_45.dbr
17:57 Empty lootLeftHandItem2 in data\database\records\xpack2\creatures\monster\bosses\ancient_earth_45.dbr
17:57 Empty lootLeftHandItem4 in data\database\records\xpack2\creatures\monster\bosses\ancient_earth_45.dbr
17:57 Empty lootLeftHandItem2 in data\database\records\xpack2\creatures\monster\bosses\ancient_earth_48.dbr
17:57 Empty lootLeftHandItem4 in data\database\records\xpack2\creatures\monster\bosses\ancient_earth_48.dbr
17:57 Empty lootLeftHandItem2 in data\database\records\xpack2\creatures\monster\bosses\ancient_earth_48.dbr
17:57 Empty lootLeftHandItem4 in data\database\records\xpack2\creatures\monster\bosses\ancient_earth_48.dbr
17:57 Empty lootLeftHandItem2 in data\database\records\xpack2\creatures\monster\bosses\ancient_earth_48.dbr
17:57 Empty lootLeftHandItem4 in data\database\records\xpack2\creatures\monster\bosses\ancient_earth_48.dbr
17:57 Empty lootTorsoItem5 in data\database\records\xpack2\creatures\monster\bosses\loki_a_ylva_49.dbr
17:57 Empty lootTorsoItem5 in data\database\records\xpack2\creatures\monster\bosses\loki_a_ylva_49.dbr
17:57 Empty lootTorsoItem5 in data\database\records\xpack2\creatures\monster\bosses\loki_a_ylva_49.dbr
17:57 Empty lootTorsoItem5 in data\database\records\xpack2\creatures\monster\bosses\loki_a_ylva_52.dbr
17:57 Empty lootTorsoItem5 in data\database\records\xpack2\creatures\monster\bosses\loki_a_ylva_52.dbr
17:57 Empty lootTorsoItem5 in data\database\records\xpack2\creatures\monster\bosses\loki_a_ylva_52.dbr
17:57 Empty lootTorsoItem5 in data\database\records\xpack2\creatures\monster\bosses\loki_a_ylva_55.dbr
17:57 Empty lootTorsoItem5 in data\database\records\xpack2\creatures\monster\bosses\loki_a_ylva_55.dbr
17:57 Empty lootTorsoItem5 in data\database\records\xpack2\creatures\monster\bosses\loki_a_ylva_55.dbr
17:57 Empty lootMisc1Item2 in data\database\records\xpack2\creatures\monster\bosses\saltmine_ghost_44.dbr
17:57 Empty lootMisc1Item2 in data\database\records\xpack2\creatures\monster\bosses\saltmine_ghost_44.dbr
17:57 Empty lootMisc1Item2 in data\database\records\xpack2\creatures\monster\bosses\saltmine_ghost_44.dbr
17:57 Empty lootMisc1Item2 in data\database\records\xpack2\creatures\monster\bosses\saltmine_ghost_47.dbr
17:57 Empty lootMisc1Item2 in data\database\records\xpack2\creatures\monster\bosses\saltmine_ghost_47.dbr
17:57 Empty lootMisc1Item2 in data\database\records\xpack2\creatures\monster\bosses\saltmine_ghost_47.dbr
17:57 Empty lootMisc1Item2 in data\database\records\xpack2\creatures\monster\bosses\saltmine_ghost_50.dbr
17:57 Empty lootMisc1Item2 in data\database\records\xpack2\creatures\monster\bosses\saltmine_ghost_50.dbr
17:57 Empty lootMisc1Item2 in data\database\records\xpack2\creatures\monster\bosses\saltmine_ghost_50.dbr
17:57 No tag or name for set in data\database\records\item\sets\set059.dbr
17:57 No tag or name for set in data\database\records\xpack\item\sets\pieces_set01.dbr
17:57 No tag or name for set in data\database\records\xpack2\item\sets\set060.dbr
17:57 Missing records_xpack2_item_equipmentweapons_1hranged_us_l_donarsmight.dbr in Donar's Might
17:57 Missing records_xpack2_item_equipmentarmor_helm_z_tracksuit.dbr in The Trackmaster
17:57 Missing records_xpack2_item_equipmentarmor_armband_z_tracksuit.dbr in The Trackmaster
17:57 Missing records_xpack2_item_equipmentarmor_greaves_z_tracksuit.dbr in The Trackmaster
